[2019-11-25 03:08:50] local.ERROR: Method Illuminate\Database\Eloquent\Collection::links does not exist. (View: C:\Users\Hadi\Downloads\Compressed\New folder (9)\PPLAgro-siolap-master\resources\views\pembayaran\index.blade.php) {"userId":9329,"exception":"[object] (ErrorException(code: 0): Method Illuminate\\Database\\Eloquent\\Collection::links does not exist. (View: C:\\Users\\Hadi\\Downloads\\Compressed\\New folder (9)\\PPLAgro-siolap-master\esources\\views\\pembayaran\\index.blade.php) at C:\\Users\\Hadi\\Downloads\\Compressed\\New folder (9)\\PPLAgro-siolap-master\\vendor\\laravel\\framework\\src\\Illuminate\\Support\\Traits\\Macroable.php:104)
[stacktrace]
#0 C:\\Users\\Hadi\\Downloads\\Compressed\\New folder (9)\\PPLAgro-siolap-master\\vendor\\laravel\\framework\\src\\Illuminate\\View\\Engines\\PhpEngine.php(45): Illuminate\\View\\Engines\\CompilerEngine->handleViewException(Object(BadMethodCallException), 1)
#1 C:\\Users\\Hadi\\Downloads\\Compressed\\New folder (9)\\PPLAgro-siolap-master\\vendor\\laravel\\framework\\src\\Illuminate\\View\\Engines\\CompilerEngine.php(59): Illuminate\\View\\Engines\\PhpEngine->evaluatePath('C:\\\\Users\\\\Hadi\\\\D...', Array)
#2 C:\\Users\\Hadi\\Downloads\\Compressed\\New folder (9)\\PPLAgro-siolap-master\\vendor\\laravel\\framework\\src\\Illuminate\\View\\View.php(143): Illuminate\\View\\Engines\\CompilerEngine->get('C:\\\\Users\\\\Hadi\\\\D...', Array)
#3 C:\\Users\\Hadi\\Downloads\\Compressed\\New folder (9)\\PPLAgro-siolap-master\\vendor\\laravel\\framework\\src\\Illuminate\\View\\View.php(126): Illuminate\\View\\View->getContents()
#4 C:\\Users\\Hadi\\Downloads\\Compressed\\New folder (9)\\PPLAgro-siolap-master\\vendor\\laravel\\framework\\src\\Illuminate\\View\\View.php(91): Illuminate\\View\\View->renderContents()
#5 C:\\Users\\Hadi\\Downloads\\Compressed\\New folder (9)\\PPLAgro-siolap-master\\vendor\\laravel\\framework\\src\\Illuminate\\Http\\Response.php(42): Illuminate\\View\\View->render()
#6 C:\\Users\\Hadi\\Downloads\\Compressed\\New folder (9)\\PPLAgro-siolap-master\\vendor\\symfony\\http-foundation\\Response.php(202): Illuminate\\Http\\Response->setContent(Object(Illuminate\\View\\View))
#7 C:\\Users\\Hadi\\Downloads\\Compressed\\New folder (9)\\PPLAgro-siolap-master\\vendor\\laravel\\framework\\src\\Illuminate\\Routing\\Router.php(748): Symfony\\Component\\HttpFoundation\\Response->__construct(Object(Illuminate\\View\\View))
#8 C:\\Users\\Hadi\\Downloads\\Compressed\\New folder (9)\\PPLAgro-siolap-master\\vendor\\laravel\\framework\\src\\Illuminate\\Routing\\Router.php(720): Illuminate\\Routing\\Router::toResponse(Object(Illuminate\\Http\\Request), Object(Illuminate\\View\\View))
#9 C:\\Users\\Hadi\\Downloads\\Compressed\\New folder (9)\\PPLAgro-siolap-master\\vendor\\laravel\\framework\\src\\Illuminate\\Routing\\Router.php(680): Illuminate\\Routing\\Router->prepareResponse(Object(Illuminate\\Http\\Request), Object(Illuminate\\View\\View))
#10 C:\\Users\\Hadi\\Downloads\\Compressed\\New folder (9)\\PPLAgro-siolap-master\\vendor\\laravel\\framework\\src\\Illuminate\\Pipeline\\Pipeline.php(130): Illuminate\\Routing\\Router->Illuminate\\Routing\\{closure}(Object(Illuminate\\Http\\Request))
#11 C:\\Users\\Hadi\\Downloads\\Compressed\\New folder (9)\\PPLAgro-siolap-master\\app\\Http\\Middleware\\CheckRole.php(19): Illuminate\\Pipeline\\Pipeline->Illuminate\\Pipeline\\{closure}(Object(Illuminate\\Http\\Request))
#12 C:\\Users\\Hadi\\Downloads\\Compressed\\New folder (9)\\PPLAgro-siolap-master\\vendor\\laravel\\framework\\src\\Illuminate\\Pipeline\\Pipeline.php(171): App\\Http\\Middleware\\CheckRole->handle(Object(Illuminate\\Http\\Request), Object(Closure), 'mitra')
#13 C:\\Users\\Hadi\\Downloads\\Compressed\\New folder (9)\\PPLAgro-siolap-master\\vendor\\laravel\\framework\\src\\Illuminate\\Routing\\Middleware\\SubstituteBindings.php(41): Illuminate\\Pipeline\\Pipeline->Illuminate\\Pipeline\\{closure}(Object(Illuminate\\Http\\Request))
#14 C:\\Users\\Hadi\\Downloads\\Compressed\\New folder (9)\\PPLAgro-siolap-master\\vendor\\laravel\\framework\\src\\Illuminate\\Pipeline\\Pipeline.php(171): Illuminate\\Routing\\Middleware\\SubstituteBindings->handle(Object(Illuminate\\Http\\Request), Object(Closure))
#15 C:\\Users\\Hadi\\Downloads\\Compressed\\New folder (9)\\PPLAgro-siolap-master\\vendor\\laravel\\framework\\src\\Illuminate\\Auth\\Middleware\\Authenticate.php(43): Illuminate\\Pipeline\\Pipeline->Illuminate\\Pipeline\\{closure}(Object(Illuminate\\Http\\Request))
#16 C:\\Users\\Hadi\\Downloads\\Compressed\\New folder (9)\\PPLAgro-siolap-master\\vendor\\laravel\\framework\\src\\Illuminate\\Pipeline\\Pipeline.php(171): Illuminate\\Auth\\Middleware\\Authenticate->handle(Object(Illuminate\\Http\\Request), Object(Closure))
#17 C:\\Users\\Hadi\\Downloads\\Compressed\\New folder (9)\\PPLAgro-siolap-master\\vendor\\laravel\\framework\\src\\Illuminate\\Foundation\\Http\\Middleware\\VerifyCsrfToken.php(76): Illuminate\\Pipeline\\Pipeline->Illuminate\\Pipeline\\{closure}(Object(Illuminate\\Http\\Request))
#18 C:\\Users\\Hadi\\Downloads\\Compressed\\New folder (9)\\PPLAgro-siolap-master\\vendor\\laravel\\framework\\src\\Illuminate\\Pipeline\\Pipeline.php(171): Illuminate\\Foundation\\Http\\Middleware\\VerifyCsrfToken->handle(Object(Illuminate\\Http\\Request), Object(Closure))
#19 C:\\Users\\Hadi\\Downloads\\Compressed\\New folder (9)\\PPLAgro-siolap-master\\vendor\\laravel\\framework\\src\\Illuminate\\View\\Middleware\\ShareErrorsFromSession.php(49): Illuminate\\Pipeline\\Pipeline->Illuminate\\Pipeline\\{closure}(Object(Illuminate\\Http\\Request))
#20 C:\\Users\\Hadi\\Downloads\\Compressed\\New folder (9)\\PPLAgro-siolap-master\\vendor\\laravel\\framework\\src\\Illuminate\\Pipeline\\Pipeline.php(171): Illuminate\\View\\Middleware\\ShareErrorsFromSession->handle(Object(Illuminate\\Http\\Request), Object(Closure))
#21 C:\\Users\\Hadi\\Downloads\\Compressed\\New folder (9)\\PPLAgro-siolap-master\\vendor\\laravel\\framework\\src\\Illuminate\\Session\\Middleware\\StartSession.php(56): Illuminate\\Pipeline\\Pipeline->Illuminate\\Pipeline\\{closure}(Object(Illuminate\\Http\\Request))
#22 C:\\Users\\Hadi\\Downloads\\Compressed\\New folder (9)\\PPLAgro-siolap-master\\vendor\\laravel\\framework\\src\\Illuminate\\Pipeline\\Pipeline.php(171): Illuminate\\Session\\Middleware\\StartSession->handle(Object(Illuminate\\Http\\Request), Object(Closure))
#23 C:\\Users\\Hadi\\Downloads\\Compressed\\New folder (9)\\PPLAgro-siolap-master\\vendor\\laravel\\framework\\src\\Illuminate\\Cookie\\Middleware\\AddQueuedCookiesToResponse.php(37): Illuminate\\Pipeline\\Pipeline->Illuminate\\Pipeline\\{closure}(Object(Illuminate\\Http\\Request))
#24 C:\\Users\\Hadi\\Downloads\\Compressed\\New folder (9)\\PPLAgro-siolap-master\\vendor\\laravel\\framework\\src\\Illuminate\\Pipeline\\Pipeline.php(171): Illuminate\\Cookie\\Middleware\\AddQueuedCookiesToResponse->handle(Object(Illuminate\\Http\\Request), Object(Closure))
#25 C:\\Users\\Hadi\\Downloads\\Compressed\\New folder (9)\\PPLAgro-siolap-master\\vendor\\laravel\\framework\\src\\Illuminate\\Cookie\\Middleware\\EncryptCookies.php(66): Illuminate\\Pipeline\\Pipeline->Illuminate\\Pipeline\\{closure}(Object(Illuminate\\Http\\Request))
#26 C:\\Users\\Hadi\\Downloads\\Compressed\\New folder (9)\\PPLAgro-siolap-master\\vendor\\laravel\\framework\\src\\Illuminate\\Pipeline\\Pipeline.php(171): Illuminate\\Cookie\\Middleware\\EncryptCookies->handle(Object(Illuminate\\Http\\Request), Object(Closure))
#27 C:\\Users\\Hadi\\Downloads\\Compressed\\New folder (9)\\PPLAgro-siolap-master\\vendor\\laravel\\framework\\src\\Illuminate\\Pipeline\\Pipeline.php(105): Illuminate\\Pipeline\\Pipeline->Illuminate\\Pipeline\\{closure}(Object(Illuminate\\Http\\Request))
#28 C:\\Users\\Hadi\\Downloads\\Compressed\\New folder (9)\\PPLAgro-siolap-master\\vendor\\laravel\\framework\\src\\Illuminate\\Routing\\Router.php(682): Illuminate\\Pipeline\\Pipeline->then(Object(Closure))
#29 C:\\Users\\Hadi\\Downloads\\Compressed\\New folder (9)\\PPLAgro-siolap-master\\vendor\\laravel\\framework\\src\\Illuminate\\Routing\\Router.php(657): Illuminate\\Routing\\Router->runRouteWithinStack(Object(Illuminate\\Routing\\Route), Object(Illuminate\\Http\\Request))
#30 C:\\Users\\Hadi\\Downloads\\Compressed\\New folder (9)\\PPLAgro-siolap-master\\vendor\\laravel\\framework\\src\\Illuminate\\Routing\\Router.php(623): Illuminate\\Routing\\Router->runRoute(Object(Illuminate\\Http\\Request), Object(Illuminate\\Routing\\Route))
#31 C:\\Users\\Hadi\\Downloads\\Compressed\\New folder (9)\\PPLAgro-siolap-master\\vendor\\laravel\\framework\\src\\Illuminate\\Routing\\Router.php(612): Illuminate\\Routing\\Router->dispatchToRoute(Object(Illuminate\\Http\\Request))
#32 C:\\Users\\Hadi\\Downloads\\Compressed\\New folder (9)\\PPLAgro-siolap-master\\vendor\\laravel\\framework\\src\\Illuminate\\Foundation\\Http\\Kernel.php(176): Illuminate\\Routing\\Router->dispatch(Object(Illuminate\\Http\\Request))
#33 C:\\Users\\Hadi\\Downloads\\Compressed\\New folder (9)\\PPLAgro-siolap-master\\vendor\\laravel\\framework\\src\\Illuminate\\Pipeline\\Pipeline.php(130): Illuminate\\Foundation\\Http\\Kernel->Illuminate\\Foundation\\Http\\{closure}(Object(Illuminate\\Http\\Request))
#34 C:\\Users\\Hadi\\Downloads\\Compressed\\New folder (9)\\PPLAgro-siolap-master\\vendor\\fideloper\\proxy\\src\\TrustProxies.php(57): Illuminate\\Pipeline\\Pipeline->Illuminate\\Pipeline\\{closure}(Object(Illuminate\\Http\\Request))
#35 C:\\Users\\Hadi\\Downloads\\Compressed\\New folder (9)\\PPLAgro-siolap-master\\vendor\\laravel\\framework\\src\\Illuminate\\Pipeline\\Pipeline.php(171): Fideloper\\Proxy\\TrustProxies->handle(Object(Illuminate\\Http\\Request), Object(Closure))
#36 C:\\Users\\Hadi\\Downloads\\Compressed\\New folder (9)\\PPLAgro-siolap-master\\vendor\\laravel\\framework\\src\\Illuminate\\Foundation\\Http\\Middleware\\TransformsRequest.php(21): Illuminate\\Pipeline\\Pipeline->Illuminate\\Pipeline\\{closure}(Object(Illuminate\\Http\\Request))
#37 C:\\Users\\Hadi\\Downloads\\Compressed\\New folder (9)\\PPLAgro-siolap-master\\vendor\\laravel\\framework\\src\\Illuminate\\Pipeline\\Pipeline.php(171): Illuminate\\Foundation\\Http\\Middleware\\TransformsRequest->handle(Object(Illuminate\\Http\\Request), Object(Closure))
#38 C:\\Users\\Hadi\\Downloads\\Compressed\\New folder (9)\\PPLAgro-siolap-master\\vendor\\laravel\\framework\\src\\Illuminate\\Foundation\\Http\\Middleware\\TransformsRequest.php(21): Illuminate\\Pipeline\\Pipeline->Illuminate\\Pipeline\\{closure}(Object(Illuminate\\Http\\Request))
#39 C:\\Users\\Hadi\\Downloads\\Compressed\\New folder (9)\\PPLAgro-siolap-master\\vendor\\laravel\\framework\\src\\Illuminate\\Pipeline\\Pipeline.php(171): Illuminate\\Foundation\\Http\\Middleware\\TransformsRequest->handle(Object(Illuminate\\Http\\Request), Object(Closure))
#40 C:\\Users\\Hadi\\Downloads\\Compressed\\New folder (9)\\PPLAgro-siolap-master\\vendor\\laravel\\framework\\src\\Illuminate\\Foundation\\Http\\Middleware\\ValidatePostSize.php(27): Illuminate\\Pipeline\\Pipeline->Illuminate\\Pipeline\\{closure}(Object(Illuminate\\Http\\Request))
#41 C:\\Users\\Hadi\\Downloads\\Compressed\\New folder (9)\\PPLAgro-siolap-master\\vendor\\laravel\\framework\\src\\Illuminate\\Pipeline\\Pipeline.php(171): Illuminate\\Foundation\\Http\\Middleware\\ValidatePostSize->handle(Object(Illuminate\\Http\\Request), Object(Closure))
#42 C:\\Users\\Hadi\\Downloads\\Compressed\\New folder (9)\\PPLAgro-siolap-master\\vendor\\laravel\\framework\\src\\Illuminate\\Foundation\\Http\\Middleware\\CheckForMaintenanceMode.php(62): Illuminate\\Pipeline\\Pipeline->Illuminate\\Pipeline\\{closure}(Object(Illuminate\\Http\\Request))
#43 C:\\Users\\Hadi\\Downloads\\Compressed\\New folder (9)\\PPLAgro-siolap-master\\vendor\\laravel\\framework\\src\\Illuminate\\Pipeline\\Pipeline.php(171): Illuminate\\Foundation\\Http\\Middleware\\CheckForMaintenanceMode->handle(Object(Illuminate\\Http\\Request), Object(Closure))
#44 C:\\Users\\Hadi\\Downloads\\Compressed\\New folder (9)\\PPLAgro-siolap-master\\vendor\\laravel\\framework\\src\\Illuminate\\Pipeline\\Pipeline.php(105): Illuminate\\Pipeline\\Pipeline->Illuminate\\Pipeline\\{closure}(Object(Illuminate\\Http\\Request))
#45 C:\\Users\\Hadi\\Downloads\\Compressed\\New folder (9)\\PPLAgro-siolap-master\\vendor\\laravel\\framework\\src\\Illuminate\\Foundation\\Http\\Kernel.php(151): Illuminate\\Pipeline\\Pipeline->then(Object(Closure))
#46 C:\\Users\\Hadi\\Downloads\\Compressed\\New folder (9)\\PPLAgro-siolap-master\\vendor\\laravel\\framework\\src\\Illuminate\\Foundation\\Http\\Kernel.php(116): Illuminate\\Foundation\\Http\\Kernel->sendRequestThroughRouter(Object(Illuminate\\Http\\Request))
#47 C:\\Users\\Hadi\\Downloads\\Compressed\\New folder (9)\\PPLAgro-siolap-master\\public\\index.php(55): Illuminate\\Foundation\\Http\\Kernel->handle(Object(Illuminate\\Http\\Request))
#48 C:\\Users\\Hadi\\Downloads\\Compressed\\New folder (9)\\PPLAgro-siolap-master\\server.php(21): require_once('C:\\\\Users\\\\Hadi\\\\D...')
#49 {main}

[previous exception] [object] (BadMethodCallException(code: 0): Method Illuminate\\Database\\Eloquent\\Collection::links does not exist. at C:\\Users\\Hadi\\Downloads\\Compressed\\New folder (9)\\PPLAgro-siolap-master\\vendor\\laravel\\framework\\src\\Illuminate\\Support\\Traits\\Macroable.php:104)
[stacktrace]
#0 C:\\Users\\Hadi\\Downloads\\Compressed\\New folder (9)\\PPLAgro-siolap-master\\storage\\framework\\views\\54efa790c267feb85b810bfb7d736b7eb55ba783.php(45): Illuminate\\Support\\Collection->__call('links', Array)
#1 C:\\Users\\Hadi\\Downloads\\Compressed\\New folder (9)\\PPLAgro-siolap-master\\vendor\\laravel\\framework\\src\\Illuminate\\View\\Engines\\PhpEngine.php(43): include('C:\\\\Users\\\\Hadi\\\\D...')
#2 C:\\Users\\Hadi\\Downloads\\Compressed\\New folder (9)\\PPLAgro-siolap-master\\vendor\\laravel\\framework\\src\\Illuminate\\View\\Engines\\CompilerEngine.php(59): Illuminate\\View\\Engines\\PhpEngine->evaluatePath('C:\\\\Users\\\\Hadi\\\\D...', Array)
#3 C:\\Users\\Hadi\\Downloads\\Compressed\\New folder (9)\\PPLAgro-siolap-master\\vendor\\laravel\\framework\\src\\Illuminate\\View\\View.php(143): Illuminate\\View\\Engines\\CompilerEngine->get('C:\\\\Users\\\\Hadi\\\\D...', Array)
#4 C:\\Users\\Hadi\\Downloads\\Compressed\\New folder (9)\\PPLAgro-siolap-master\\vendor\\laravel\\framework\\src\\Illuminate\\View\\View.php(126): Illuminate\\View\\View->getContents()
#5 C:\\Users\\Hadi\\Downloads\\Compressed\\New folder (9)\\PPLAgro-siolap-master\\vendor\\laravel\\framework\\src\\Illuminate\\View\\View.php(91): Illuminate\\View\\View->renderContents()
#6 C:\\Users\\Hadi\\Downloads\\Compressed\\New folder (9)\\PPLAgro-siolap-master\\vendor\\laravel\\framework\\src\\Illuminate\\Http\\Response.php(42): Illuminate\\View\\View->render()
#7 C:\\Users\\Hadi\\Downloads\\Compressed\\New folder (9)\\PPLAgro-siolap-master\\vendor\\symfony\\http-foundation\\Response.php(202): Illuminate\\Http\\Response->setContent(Object(Illuminate\\View\\View))
#8 C:\\Users\\Hadi\\Downloads\\Compressed\\New folder (9)\\PPLAgro-siolap-master\\vendor\\laravel\\framework\\src\\Illuminate\\Routing\\Router.php(748): Symfony\\Component\\HttpFoundation\\Response->__construct(Object(Illuminate\\View\\View))
#9 C:\\Users\\Hadi\\Downloads\\Compressed\\New folder (9)\\PPLAgro-siolap-master\\vendor\\laravel\\framework\\src\\Illuminate\\Routing\\Router.php(720): Illuminate\\Routing\\Router::toResponse(Object(Illuminate\\Http\\Request), Object(Illuminate\\View\\View))
#10 C:\\Users\\Hadi\\Downloads\\Compressed\\New folder (9)\\PPLAgro-siolap-master\\vendor\\laravel\\framework\\src\\Illuminate\\Routing\\Router.php(680): Illuminate\\Routing\\Router->prepareResponse(Object(Illuminate\\Http\\Request), Object(Illuminate\\View\\View))
#11 C:\\Users\\Hadi\\Downloads\\Compressed\\New folder (9)\\PPLAgro-siolap-master\\vendor\\laravel\\framework\\src\\Illuminate\\Pipeline\\Pipeline.php(130): Illuminate\\Routing\\Router->Illuminate\\Routing\\{closure}(Object(Illuminate\\Http\\Request))
#12 C:\\Users\\Hadi\\Downloads\\Compressed\\New folder (9)\\PPLAgro-siolap-master\\app\\Http\\Middleware\\CheckRole.php(19): Illuminate\\Pipeline\\Pipeline->Illuminate\\Pipeline\\{closure}(Object(Illuminate\\Http\\Request))
#13 C:\\Users\\Hadi\\Downloads\\Compressed\\New folder (9)\\PPLAgro-siolap-master\\vendor\\laravel\\framework\\src\\Illuminate\\Pipeline\\Pipeline.php(171): App\\Http\\Middleware\\CheckRole->handle(Object(Illuminate\\Http\\Request), Object(Closure), 'mitra')
#14 C:\\Users\\Hadi\\Downloads\\Compressed\\New folder (9)\\PPLAgro-siolap-master\\vendor\\laravel\\framework\\src\\Illuminate\\Routing\\Middleware\\SubstituteBindings.php(41): Illuminate\\Pipeline\\Pipeline->Illuminate\\Pipeline\\{closure}(Object(Illuminate\\Http\\Request))
#15 C:\\Users\\Hadi\\Downloads\\Compressed\\New folder (9)\\PPLAgro-siolap-master\\vendor\\laravel\\framework\\src\\Illuminate\\Pipeline\\Pipeline.php(171): Illuminate\\Routing\\Middleware\\SubstituteBindings->handle(Object(Illuminate\\Http\\Request), Object(Closure))
#16 C:\\Users\\Hadi\\Downloads\\Compressed\\New folder (9)\\PPLAgro-siolap-master\\vendor\\laravel\\framework\\src\\Illuminate\\Auth\\Middleware\\Authenticate.php(43): Illuminate\\Pipeline\\Pipeline->Illuminate\\Pipeline\\{closure}(Object(Illuminate\\Http\\Request))
#17 C:\\Users\\Hadi\\Downloads\\Compressed\\New folder (9)\\PPLAgro-siolap-master\\vendor\\laravel\\framework\\src\\Illuminate\\Pipeline\\Pipeline.php(171): Illuminate\\Auth\\Middleware\\Authenticate->handle(Object(Illuminate\\Http\\Request), Object(Closure))
#18 C:\\Users\\Hadi\\Downloads\\Compressed\\New folder (9)\\PPLAgro-siolap-master\\vendor\\laravel\\framework\\src\\Illuminate\\Foundation\\Http\\Middleware\\VerifyCsrfToken.php(76): Illuminate\\Pipeline\\Pipeline->Illuminate\\Pipeline\\{closure}(Object(Illuminate\\Http\\Request))
#19 C:\\Users\\Hadi\\Downloads\\Compressed\\New folder (9)\\PPLAgro-siolap-master\\vendor\\laravel\\framework\\src\\Illuminate\\Pipeline\\Pipeline.php(171): Illuminate\\Foundation\\Http\\Middleware\\VerifyCsrfToken->handle(Object(Illuminate\\Http\\Request), Object(Closure))
#20 C:\\Users\\Hadi\\Downloads\\Compressed\\New folder (9)\\PPLAgro-siolap-master\\vendor\\laravel\\framework\\src\\Illuminate\\View\\Middleware\\ShareErrorsFromSession.php(49): Illuminate\\Pipeline\\Pipeline->Illuminate\\Pipeline\\{closure}(Object(Illuminate\\Http\\Request))
#21 C:\\Users\\Hadi\\Downloads\\Compressed\\New folder (9)\\PPLAgro-siolap-master\\vendor\\laravel\\framework\\src\\Illuminate\\Pipeline\\Pipeline.php(171): Illuminate\\View\\Middleware\\ShareErrorsFromSession->handle(Object(Illuminate\\Http\\Request), Object(Closure))
#22 C:\\Users\\Hadi\\Downloads\\Compressed\\New folder (9)\\PPLAgro-siolap-master\\vendor\\laravel\\framework\\src\\Illuminate\\Session\\Middleware\\StartSession.php(56): Illuminate\\Pipeline\\Pipeline->Illuminate\\Pipeline\\{closure}(Object(Illuminate\\Http\\Request))
#23 C:\\Users\\Hadi\\Downloads\\Compressed\\New folder (9)\\PPLAgro-siolap-master\\vendor\\laravel\\framework\\src\\Illuminate\\Pipeline\\Pipeline.php(171): Illuminate\\Session\\Middleware\\StartSession->handle(Object(Illuminate\\Http\\Request), Object(Closure))
#24 C:\\Users\\Hadi\\Downloads\\Compressed\\New folder (9)\\PPLAgro-siolap-master\\vendor\\laravel\\framework\\src\\Illuminate\\Cookie\\Middleware\\AddQueuedCookiesToResponse.php(37): Illuminate\\Pipeline\\Pipeline->Illuminate\\Pipeline\\{closure}(Object(Illuminate\\Http\\Request))
#25 C:\\Users\\Hadi\\Downloads\\Compressed\\New folder (9)\\PPLAgro-siolap-master\\vendor\\laravel\\framework\\src\\Illuminate\\Pipeline\\Pipeline.php(171): Illuminate\\Cookie\\Middleware\\AddQueuedCookiesToResponse->handle(Object(Illuminate\\Http\\Request), Object(Closure))
#26 C:\\Users\\Hadi\\Downloads\\Compressed\\New folder (9)\\PPLAgro-siolap-master\\vendor\\laravel\\framework\\src\\Illuminate\\Cookie\\Middleware\\EncryptCookies.php(66): Illuminate\\Pipeline\\Pipeline->Illuminate\\Pipeline\\{closure}(Object(Illuminate\\Http\\Request))
#27 C:\\Users\\Hadi\\Downloads\\Compressed\\New folder (9)\\PPLAgro-siolap-master\\vendor\\laravel\\framework\\src\\Illuminate\\Pipeline\\Pipeline.php(171): Illuminate\\Cookie\\Middleware\\EncryptCookies->handle(Object(Illuminate\\Http\\Request), Object(Closure))
#28 C:\\Users\\Hadi\\Downloads\\Compressed\\New folder (9)\\PPLAgro-siolap-master\\vendor\\laravel\\framework\\src\\Illuminate\\Pipeline\\Pipeline.php(105): Illuminate\\Pipeline\\Pipeline->Illuminate\\Pipeline\\{closure}(Object(Illuminate\\Http\\Request))
#29 C:\\Users\\Hadi\\Downloads\\Compressed\\New folder (9)\\PPLAgro-siolap-master\\vendor\\laravel\\framework\\src\\Illuminate\\Routing\\Router.php(682): Illuminate\\Pipeline\\Pipeline->then(Object(Closure))
#30 C:\\Users\\Hadi\\Downloads\\Compressed\\New folder (9)\\PPLAgro-siolap-master\\vendor\\laravel\\framework\\src\\Illuminate\\Routing\\Router.php(657): Illuminate\\Routing\\Router->runRouteWithinStack(Object(Illuminate\\Routing\\Route), Object(Illuminate\\Http\\Request))
#31 C:\\Users\\Hadi\\Downloads\\Compressed\\New folder (9)\\PPLAgro-siolap-master\\vendor\\laravel\\framework\\src\\Illuminate\\Routing\\Router.php(623): Illuminate\\Routing\\Router->runRoute(Object(Illuminate\\Http\\Request), Object(Illuminate\\Routing\\Route))
#32 C:\\Users\\Hadi\\Downloads\\Compressed\\New folder (9)\\PPLAgro-siolap-master\\vendor\\laravel\\framework\\src\\Illuminate\\Routing\\Router.php(612): Illuminate\\Routing\\Router->dispatchToRoute(Object(Illuminate\\Http\\Request))
#33 C:\\Users\\Hadi\\Downloads\\Compressed\\New folder (9)\\PPLAgro-siolap-master\\vendor\\laravel\\framework\\src\\Illuminate\\Foundation\\Http\\Kernel.php(176): Illuminate\\Routing\\Router->dispatch(Object(Illuminate\\Http\\Request))
#34 C:\\Users\\Hadi\\Downloads\\Compressed\\New folder (9)\\PPLAgro-siolap-master\\vendor\\laravel\\framework\\src\\Illuminate\\Pipeline\\Pipeline.php(130): Illuminate\\Foundation\\Http\\Kernel->Illuminate\\Foundation\\Http\\{closure}(Object(Illuminate\\Http\\Request))
#35 C:\\Users\\Hadi\\Downloads\\Compressed\\New folder (9)\\PPLAgro-siolap-master\\vendor\\fideloper\\proxy\\src\\TrustProxies.php(57): Illuminate\\Pipeline\\Pipeline->Illuminate\\Pipeline\\{closure}(Object(Illuminate\\Http\\Request))
#36 C:\\Users\\Hadi\\Downloads\\Compressed\\New folder (9)\\PPLAgro-siolap-master\\vendor\\laravel\\framework\\src\\Illuminate\\Pipeline\\Pipeline.php(171): Fideloper\\Proxy\\TrustProxies->handle(Object(Illuminate\\Http\\Request), Object(Closure))
#37 C:\\Users\\Hadi\\Downloads\\Compressed\\New folder (9)\\PPLAgro-siolap-master\\vendor\\laravel\\framework\\src\\Illuminate\\Foundation\\Http\\Middleware\\TransformsRequest.php(21): Illuminate\\Pipeline\\Pipeline->Illuminate\\Pipeline\\{closure}(Object(Illuminate\\Http\\Request))
#38 C:\\Users\\Hadi\\Downloads\\Compressed\\New folder (9)\\PPLAgro-siolap-master\\vendor\\laravel\\framework\\src\\Illuminate\\Pipeline\\Pipeline.php(171): Illuminate\\Foundation\\Http\\Middleware\\TransformsRequest->handle(Object(Illuminate\\Http\\Request), Object(Closure))
#39 C:\\Users\\Hadi\\Downloads\\Compressed\\New folder (9)\\PPLAgro-siolap-master\\vendor\\laravel\\framework\\src\\Illuminate\\Foundation\\Http\\Middleware\\TransformsRequest.php(21): Illuminate\\Pipeline\\Pipeline->Illuminate\\Pipeline\\{closure}(Object(Illuminate\\Http\\Request))
#40 C:\\Users\\Hadi\\Downloads\\Compressed\\New folder (9)\\PPLAgro-siolap-master\\vendor\\laravel\\framework\\src\\Illuminate\\Pipeline\\Pipeline.php(171): Illuminate\\Foundation\\Http\\Middleware\\TransformsRequest->handle(Object(Illuminate\\Http\\Request), Object(Closure))
#41 C:\\Users\\Hadi\\Downloads\\Compressed\\New folder (9)\\PPLAgro-siolap-master\\vendor\\laravel\\framework\\src\\Illuminate\\Foundation\\Http\\Middleware\\ValidatePostSize.php(27): Illuminate\\Pipeline\\Pipeline->Illuminate\\Pipeline\\{closure}(Object(Illuminate\\Http\\Request))
#42 C:\\Users\\Hadi\\Downloads\\Compressed\\New folder (9)\\PPLAgro-siolap-master\\vendor\\laravel\\framework\\src\\Illuminate\\Pipeline\\Pipeline.php(171): Illuminate\\Foundation\\Http\\Middleware\\ValidatePostSize->handle(Object(Illuminate\\Http\\Request), Object(Closure))
#43 C:\\Users\\Hadi\\Downloads\\Compressed\\New folder (9)\\PPLAgro-siolap-master\\vendor\\laravel\\framework\\src\\Illuminate\\Foundation\\Http\\Middleware\\CheckForMaintenanceMode.php(62): Illuminate\\Pipeline\\Pipeline->Illuminate\\Pipeline\\{closure}(Object(Illuminate\\Http\\Request))
#44 C:\\Users\\Hadi\\Downloads\\Compressed\\New folder (9)\\PPLAgro-siolap-master\\vendor\\laravel\\framework\\src\\Illuminate\\Pipeline\\Pipeline.php(171): Illuminate\\Foundation\\Http\\Middleware\\CheckForMaintenanceMode->handle(Object(Illuminate\\Http\\Request), Object(Closure))
#45 C:\\Users\\Hadi\\Downloads\\Compressed\\New folder (9)\\PPLAgro-siolap-master\\vendor\\laravel\\framework\\src\\Illuminate\\Pipeline\\Pipeline.php(105): Illuminate\\Pipeline\\Pipeline->Illuminate\\Pipeline\\{closure}(Object(Illuminate\\Http\\Request))
#46 C:\\Users\\Hadi\\Downloads\\Compressed\\New folder (9)\\PPLAgro-siolap-master\\vendor\\laravel\\framework\\src\\Illuminate\\Foundation\\Http\\Kernel.php(151): Illuminate\\Pipeline\\Pipeline->then(Object(Closure))
#47 C:\\Users\\Hadi\\Downloads\\Compressed\\New folder (9)\\PPLAgro-siolap-master\\vendor\\laravel\\framework\\src\\Illuminate\\Foundation\\Http\\Kernel.php(116): Illuminate\\Foundation\\Http\\Kernel->sendRequestThroughRouter(Object(Illuminate\\Http\\Request))
#48 C:\\Users\\Hadi\\Downloads\\Compressed\\New folder (9)\\PPLAgro-siolap-master\\public\\index.php(55): Illuminate\\Foundation\\Http\\Kernel->handle(Object(Illuminate\\Http\\Request))
#49 C:\\Users\\Hadi\\Downloads\\Compressed\\New folder (9)\\PPLAgro-siolap-master\\server.php(21): require_once('C:\\\\Users\\\\Hadi\\\\D...')
#50 {main}
"} 
